[     609ms] [WARNING] [Warning] Please install/enable Redux devtools extension @ https://frontend-assets.supabase.com/studio/aa9a10e65d72/_next/static/chunks/519f48738b0c93a9.js?dpl=dpl_25xMrrMuPcGXgWYgibyA2DRYT4PF:9
[   22857ms] [WARNING] [Warning] Please install/enable Redux devtools extension @ https://frontend-assets.supabase.com/studio/aa9a10e65d72/_next/static/chunks/519f48738b0c93a9.js?dpl=dpl_25xMrrMuPcGXgWYgibyA2DRYT4PF:9
[11551112ms] Uncaught (in promise) Canceled: Canceled
    at cancel (https://cdnjs.cloudflare.com/ajax/libs/monaco-editor/0.52.2/min/vs/editor/editor.main.js:121:13888)
    at dispose (https://cdnjs.cloudflare.com/ajax/libs/monaco-editor/0.52.2/min/vs/editor/editor.main.js:121:14017)
    at t (https://cdnjs.cloudflare.com/ajax/libs/monaco-editor/0.52.2/min/vs/editor/editor.main.js:10:22160)
    at clear (https://cdnjs.cloudflare.com/ajax/libs/monaco-editor/0.52.2/min/vs/editor/editor.main.js:10:22774)
    at dispose (https://cdnjs.cloudflare.com/ajax/libs/monaco-editor/0.52.2/min/vs/editor/editor.main.js:10:22684)
    at dispose (https://cdnjs.cloudflare.com/ajax/libs/monaco-editor/0.52.2/min/vs/editor/editor.main.js:721:24460)
    at <anonymous> (https://cdnjs.cloudflare.com/ajax/libs/monaco-editor/0.52.2/min/vs/editor/editor.main.js:721:24960)
    at _deliver (https://cdnjs.cloudflare.com/ajax/libs/monaco-editor/0.52.2/min/vs/editor/editor.main.js:70:909)
    at _deliverQueue (https://cdnjs.cloudflare.com/ajax/libs/monaco-editor/0.52.2/min/vs/editor/editor.main.js:70:1000)
    at fire (https://cdnjs.cloudflare.com/ajax/libs/monaco-editor/0.52.2/min/vs/editor/editor.main.js:70:1335)
    at setModel (https://cdnjs.cloudflare.com/ajax/libs/monaco-editor/0.52.2/min/vs/editor/editor.main.js:694:637)
    at <anonymous> (https://cdnjs.cloudflare.com/ajax/libs/monaco-editor/0.52.2/min/vs/editor/editor.main.js:694:17256)
    at _deliver (https://cdnjs.cloudflare.com/ajax/libs/monaco-editor/0.52.2/min/vs/editor/editor.main.js:70:909)
    at _deliverQueue (https://cdnjs.cloudflare.com/ajax/libs/monaco-editor/0.52.2/min/vs/editor/editor.main.js:70:1000)
    at fire (https://cdnjs.cloudflare.com/ajax/libs/monaco-editor/0.52.2/min/vs/editor/editor.main.js:70:1335)
    at dispose (https://cdnjs.cloudflare.com/ajax/libs/monaco-editor/0.52.2/min/vs/editor/editor.main.js:678:14058)
    at <anonymous> (https://frontend-assets.supabase.com/studio/aa9a10e65d72/_next/static/chunks/54ea830c9260f8e1.js?dpl=dpl_25xMrrMuPcGXgWYgibyA2DRYT4PF:1:18084)
    at uR (https://frontend-assets.supabase.com/studio/aa9a10e65d72/_next/static/chunks/b19069f5770f95c9.js?dpl=dpl_25xMrrMuPcGXgWYgibyA2DRYT4PF:1:87646)
    at uO (https://frontend-assets.supabase.com/studio/aa9a10e65d72/_next/static/chunks/b19069f5770f95c9.js?dpl=dpl_25xMrrMuPcGXgWYgibyA2DRYT4PF:1:87842)
    at oU (https://frontend-assets.supabase.com/studio/aa9a10e65d72/_next/static/chunks/b19069f5770f95c9.js?dpl=dpl_25xMrrMuPcGXgWYgibyA2DRYT4PF:1:115901)
    at o_ (https://frontend-assets.supabase.com/studio/aa9a10e65d72/_next/static/chunks/b19069f5770f95c9.js?dpl=dpl_25xMrrMuPcGXgWYgibyA2DRYT4PF:1:99860)
    at r8 (https://frontend-assets.supabase.com/studio/aa9a10e65d72/_next/static/chunks/b19069f5770f95c9.js?dpl=dpl_25xMrrMuPcGXgWYgibyA2DRYT4PF:1:48819)
    at <anonymous> (https://frontend-assets.supabase.com/studio/aa9a10e65d72/_next/static/chunks/b19069f5770f95c9.js?dpl=dpl_25xMrrMuPcGXgWYgibyA2DRYT4PF:1:115447)
    at oI (https://frontend-assets.supabase.com/studio/aa9a10e65d72/_next/static/chunks/b19069f5770f95c9.js?dpl=dpl_25xMrrMuPcGXgWYgibyA2DRYT4PF:1:115453)
    at oS (https://frontend-assets.supabase.com/studio/aa9a10e65d72/_next/static/chunks/b19069f5770f95c9.js?dpl=dpl_25xMrrMuPcGXgWYgibyA2DRYT4PF:1:98863)
    at E (https://frontend-assets.supabase.com/studio/aa9a10e65d72/_next/static/chunks/b19069f5770f95c9.js?dpl=dpl_25xMrrMuPcGXgWYgibyA2DRYT4PF:1:1500)
    at L (https://frontend-assets.supabase.com/studio/aa9a10e65d72/_next/static/chunks/b19069f5770f95c9.js?dpl=dpl_25xMrrMuPcGXgWYgibyA2DRYT4PF:1:2030)
