[     208ms] [WARNING] "shadow*" style props are deprecated. Use "boxShadow". @ http://localhost:10001/index.ts.bundle?platform=web&dev=true&hot=false&lazy=true&transform.engine=hermes&transform.routerRoot=app&unstable_transformProfile=hermes-stable:19705
[     216ms] [WARNING] [expo-av]: Expo AV has been deprecated and will be removed in SDK 54. Use the `expo-audio` and `expo-video` packages to replace the required functionality. @ http://localhost:10001/index.ts.bundle?platform=web&dev=true&hot=false&lazy=true&transform.engine=hermes&transform.routerRoot=app&unstable_transformProfile=hermes-stable:104252
[     944ms] [WARNING] props.pointerEvents is deprecated. Use style.pointerEvents @ http://localhost:10001/index.ts.bundle?platform=web&dev=true&hot=false&lazy=true&transform.engine=hermes&transform.routerRoot=app&unstable_transformProfile=hermes-stable:19705
[  805432ms] [ERROR] Failed to load resource: net::ERR_CONNECTION_REFUSED @ http://localhost:10001/:0
[  810433ms] [ERROR] Failed to load resource: net::ERR_CONNECTION_REFUSED @ http://localhost:10001/:0
[  815439ms] [ERROR] Failed to load resource: net::ERR_CONNECTION_REFUSED @ http://localhost:10001/:0
[  820439ms] [ERROR] Failed to load resource: net::ERR_CONNECTION_REFUSED @ http://localhost:10001/:0
[  825442ms] [ERROR] Failed to load resource: net::ERR_CONNECTION_REFUSED @ http://localhost:10001/:0
[  830445ms] [ERROR] Failed to load resource: net::ERR_CONNECTION_REFUSED @ http://localhost:10001/:0
[  835449ms] [ERROR] Failed to load resource: net::ERR_CONNECTION_REFUSED @ http://localhost:10001/:0
[  840451ms] [ERROR] Failed to load resource: net::ERR_CONNECTION_REFUSED @ http://localhost:10001/:0
[  845455ms] [ERROR] Failed to load resource: net::ERR_CONNECTION_REFUSED @ http://localhost:10001/:0
[  850459ms] [ERROR] Failed to load resource: net::ERR_CONNECTION_REFUSED @ http://localhost:10001/:0
[  855462ms] [ERROR] Failed to load resource: net::ERR_CONNECTION_REFUSED @ http://localhost:10001/:0
[  860467ms] [ERROR] Failed to load resource: net::ERR_CONNECTION_REFUSED @ http://localhost:10001/:0
[  865472ms] [ERROR] Failed to load resource: net::ERR_CONNECTION_REFUSED @ http://localhost:10001/:0
[  870476ms] [ERROR] Failed to load resource: net::ERR_CONNECTION_REFUSED @ http://localhost:10001/:0
[  875486ms] [ERROR] Failed to load resource: net::ERR_CONNECTION_REFUSED @ http://localhost:10001/:0
[  880493ms] [ERROR] Failed to load resource: net::ERR_CONNECTION_REFUSED @ http://localhost:10001/:0
[  885496ms] [ERROR] Failed to load resource: net::ERR_CONNECTION_REFUSED @ http://localhost:10001/:0
[  890503ms] [ERROR] Failed to load resource: net::ERR_CONNECTION_REFUSED @ http://localhost:10001/:0
[  895507ms] [ERROR] Failed to load resource: net::ERR_CONNECTION_REFUSED @ http://localhost:10001/:0
[  900510ms] [ERROR] Failed to load resource: net::ERR_CONNECTION_REFUSED @ http://localhost:10001/:0
[  905513ms] [ERROR] Failed to load resource: net::ERR_CONNECTION_REFUSED @ http://localhost:10001/:0
[  910516ms] [ERROR] Failed to load resource: net::ERR_CONNECTION_REFUSED @ http://localhost:10001/:0
[  915521ms] [ERROR] Failed to load resource: net::ERR_CONNECTION_REFUSED @ http://localhost:10001/:0
[  920531ms] [ERROR] Failed to load resource: net::ERR_CONNECTION_REFUSED @ http://localhost:10001/:0
[  925535ms] [ERROR] Failed to load resource: net::ERR_CONNECTION_REFUSED @ http://localhost:10001/:0
[  930539ms] [ERROR] Failed to load resource: net::ERR_CONNECTION_REFUSED @ http://localhost:10001/:0
[  935545ms] [ERROR] Failed to load resource: net::ERR_CONNECTION_REFUSED @ http://localhost:10001/:0
[  940550ms] [ERROR] Failed to load resource: net::ERR_CONNECTION_REFUSED @ http://localhost:10001/:0
[  945566ms] [ERROR] Failed to load resource: net::ERR_CONNECTION_REFUSED @ http://localhost:10001/:0
[  950564ms] [ERROR] Failed to load resource: net::ERR_CONNECTION_REFUSED @ http://localhost:10001/:0
[  955588ms] [ERROR] Failed to load resource: net::ERR_CONNECTION_REFUSED @ http://localhost:10001/:0
[  960572ms] [ERROR] Failed to load resource: net::ERR_CONNECTION_REFUSED @ http://localhost:10001/:0
[  965582ms] [ERROR] Failed to load resource: net::ERR_CONNECTION_REFUSED @ http://localhost:10001/:0
[  970581ms] [ERROR] Failed to load resource: net::ERR_CONNECTION_REFUSED @ http://localhost:10001/:0
[  975595ms] [ERROR] Failed to load resource: net::ERR_CONNECTION_REFUSED @ http://localhost:10001/:0
[  980593ms] [ERROR] Failed to load resource: net::ERR_CONNECTION_REFUSED @ http://localhost:10001/:0
[  985599ms] [ERROR] Failed to load resource: net::ERR_CONNECTION_REFUSED @ http://localhost:10001/:0
[  990601ms] [ERROR] Failed to load resource: net::ERR_CONNECTION_REFUSED @ http://localhost:10001/:0
[  995612ms] [ERROR] Failed to load resource: net::ERR_CONNECTION_REFUSED @ http://localhost:10001/:0
[ 1000613ms] [ERROR] Failed to load resource: net::ERR_CONNECTION_REFUSED @ http://localhost:10001/:0
[ 1005627ms] [ERROR] Failed to load resource: net::ERR_CONNECTION_REFUSED @ http://localhost:10001/:0
[ 1010624ms] [ERROR] Failed to load resource: net::ERR_CONNECTION_REFUSED @ http://localhost:10001/:0
[ 1015630ms] [ERROR] Failed to load resource: net::ERR_CONNECTION_REFUSED @ http://localhost:10001/:0
[ 1020630ms] [ERROR] Failed to load resource: net::ERR_CONNECTION_REFUSED @ http://localhost:10001/:0
[ 1025644ms] [ERROR] Failed to load resource: net::ERR_CONNECTION_REFUSED @ http://localhost:10001/:0
[ 1030646ms] [ERROR] Failed to load resource: net::ERR_CONNECTION_REFUSED @ http://localhost:10001/:0
[ 1035652ms] [ERROR] Failed to load resource: net::ERR_CONNECTION_REFUSED @ http://localhost:10001/:0
[ 1040670ms] [ERROR] Failed to load resource: net::ERR_CONNECTION_REFUSED @ http://localhost:10001/:0
[ 1045664ms] [ERROR] Failed to load resource: net::ERR_CONNECTION_REFUSED @ http://localhost:10001/:0
[ 1050669ms] [ERROR] Failed to load resource: net::ERR_CONNECTION_REFUSED @ http://localhost:10001/:0
[ 1055672ms] [ERROR] Failed to load resource: net::ERR_CONNECTION_REFUSED @ http://localhost:10001/:0
[ 1060684ms] [ERROR] Failed to load resource: net::ERR_CONNECTION_REFUSED @ http://localhost:10001/:0
[ 1065687ms] [ERROR] Failed to load resource: net::ERR_CONNECTION_REFUSED @ http://localhost:10001/:0
[ 1070687ms] [ERROR] Failed to load resource: net::ERR_CONNECTION_REFUSED @ http://localhost:10001/:0
[ 1075694ms] [ERROR] Failed to load resource: net::ERR_CONNECTION_REFUSED @ http://localhost:10001/:0
[ 1080693ms] [ERROR] Failed to load resource: net::ERR_CONNECTION_REFUSED @ http://localhost:10001/:0
[ 1085702ms] [ERROR] Failed to load resource: net::ERR_CONNECTION_REFUSED @ http://localhost:10001/:0
[ 1090706ms] [ERROR] Failed to load resource: net::ERR_CONNECTION_REFUSED @ http://localhost:10001/:0
[ 1095720ms] [ERROR] Failed to load resource: net::ERR_CONNECTION_REFUSED @ http://localhost:10001/:0
[ 1100719ms] [ERROR] Failed to load resource: net::ERR_CONNECTION_REFUSED @ http://localhost:10001/:0
[ 1105733ms] [ERROR] Failed to load resource: net::ERR_CONNECTION_REFUSED @ http://localhost:10001/:0
[ 1110732ms] [ERROR] Failed to load resource: net::ERR_CONNECTION_REFUSED @ http://localhost:10001/:0
[ 1115734ms] [ERROR] Failed to load resource: net::ERR_CONNECTION_REFUSED @ http://localhost:10001/:0
[ 1120746ms] [ERROR] Failed to load resource: net::ERR_CONNECTION_REFUSED @ http://localhost:10001/:0
[ 1125746ms] [ERROR] Failed to load resource: net::ERR_CONNECTION_REFUSED @ http://localhost:10001/:0
[ 1130749ms] [ERROR] Failed to load resource: net::ERR_CONNECTION_REFUSED @ http://localhost:10001/:0
[ 1135759ms] [ERROR] Failed to load resource: net::ERR_CONNECTION_REFUSED @ http://localhost:10001/:0
[ 1140759ms] [ERROR] Failed to load resource: net::ERR_CONNECTION_REFUSED @ http://localhost:10001/:0
[ 1145777ms] [ERROR] Failed to load resource: net::ERR_CONNECTION_REFUSED @ http://localhost:10001/:0
[ 1150778ms] [ERROR] Failed to load resource: net::ERR_CONNECTION_REFUSED @ http://localhost:10001/:0
[ 1155787ms] [ERROR] Failed to load resource: net::ERR_CONNECTION_REFUSED @ http://localhost:10001/:0
[ 1160789ms] [ERROR] Failed to load resource: net::ERR_CONNECTION_REFUSED @ http://localhost:10001/:0
[ 1165800ms] [ERROR] Failed to load resource: net::ERR_CONNECTION_REFUSED @ http://localhost:10001/:0
[ 1170798ms] [ERROR] Failed to load resource: net::ERR_CONNECTION_REFUSED @ http://localhost:10001/:0
[ 1175809ms] [ERROR] Failed to load resource: net::ERR_CONNECTION_REFUSED @ http://localhost:10001/:0
[ 1180828ms] [ERROR] Failed to load resource: net::ERR_CONNECTION_REFUSED @ http://localhost:10001/:0
[ 1185833ms] [ERROR] Failed to load resource: net::ERR_CONNECTION_REFUSED @ http://localhost:10001/:0
[ 1190849ms] [ERROR] Failed to load resource: net::ERR_CONNECTION_REFUSED @ http://localhost:10001/:0
[ 1195850ms] [ERROR] Failed to load resource: net::ERR_CONNECTION_REFUSED @ http://localhost:10001/:0
[ 1200847ms] [ERROR] Failed to load resource: net::ERR_CONNECTION_REFUSED @ http://localhost:10001/:0
[ 1205860ms] [ERROR] Failed to load resource: net::ERR_CONNECTION_REFUSED @ http://localhost:10001/:0
[ 1210857ms] [ERROR] Failed to load resource: net::ERR_CONNECTION_REFUSED @ http://localhost:10001/:0
[ 1215867ms] [ERROR] Failed to load resource: net::ERR_CONNECTION_REFUSED @ http://localhost:10001/:0
[ 1220867ms] [ERROR] Failed to load resource: net::ERR_CONNECTION_REFUSED @ http://localhost:10001/:0
[ 1225882ms] [ERROR] Failed to load resource: net::ERR_CONNECTION_REFUSED @ http://localhost:10001/:0
[ 1230880ms] [ERROR] Failed to load resource: net::ERR_CONNECTION_REFUSED @ http://localhost:10001/:0
[ 1235887ms] [ERROR] Failed to load resource: net::ERR_CONNECTION_REFUSED @ http://localhost:10001/:0
[ 1240888ms] [ERROR] Failed to load resource: net::ERR_CONNECTION_REFUSED @ http://localhost:10001/:0
[ 1245900ms] [ERROR] Failed to load resource: net::ERR_CONNECTION_REFUSED @ http://localhost:10001/:0
[ 1250899ms] [ERROR] Failed to load resource: net::ERR_CONNECTION_REFUSED @ http://localhost:10001/:0
[ 1255910ms] [ERROR] Failed to load resource: net::ERR_CONNECTION_REFUSED @ http://localhost:10001/:0
[ 1260908ms] [ERROR] Failed to load resource: net::ERR_CONNECTION_REFUSED @ http://localhost:10001/:0
[ 1265923ms] [ERROR] Failed to load resource: net::ERR_CONNECTION_REFUSED @ http://localhost:10001/:0
[ 1270918ms] [ERROR] Failed to load resource: net::ERR_CONNECTION_REFUSED @ http://localhost:10001/:0
[ 1275933ms] [ERROR] Failed to load resource: net::ERR_CONNECTION_REFUSED @ http://localhost:10001/:0
[ 1280933ms] [ERROR] Failed to load resource: net::ERR_CONNECTION_REFUSED @ http://localhost:10001/:0
[ 1285940ms] [ERROR] Failed to load resource: net::ERR_CONNECTION_REFUSED @ http://localhost:10001/:0
[ 1290940ms] [ERROR] Failed to load resource: net::ERR_CONNECTION_REFUSED @ http://localhost:10001/:0
[ 1295946ms] [ERROR] Failed to load resource: net::ERR_CONNECTION_REFUSED @ http://localhost:10001/:0
[ 1300950ms] [ERROR] Failed to load resource: net::ERR_CONNECTION_REFUSED @ http://localhost:10001/:0
[ 1305964ms] [ERROR] Failed to load resource: net::ERR_CONNECTION_REFUSED @ http://localhost:10001/:0
[ 1310962ms] [ERROR] Failed to load resource: net::ERR_CONNECTION_REFUSED @ http://localhost:10001/:0
[ 1315976ms] [ERROR] Failed to load resource: net::ERR_CONNECTION_REFUSED @ http://localhost:10001/:0
[ 1320972ms] [ERROR] Failed to load resource: net::ERR_CONNECTION_REFUSED @ http://localhost:10001/:0
[ 1325983ms] [ERROR] Failed to load resource: net::ERR_CONNECTION_REFUSED @ http://localhost:10001/:0
[ 1330983ms] [ERROR] Failed to load resource: net::ERR_CONNECTION_REFUSED @ http://localhost:10001/:0
[ 1335995ms] [ERROR] Failed to load resource: net::ERR_CONNECTION_REFUSED @ http://localhost:10001/:0
[ 1340998ms] [ERROR] Failed to load resource: net::ERR_CONNECTION_REFUSED @ http://localhost:10001/:0
[ 1346009ms] [ERROR] Failed to load resource: net::ERR_CONNECTION_REFUSED @ http://localhost:10001/:0
[ 1351005ms] [ERROR] Failed to load resource: net::ERR_CONNECTION_REFUSED @ http://localhost:10001/:0
[ 1356025ms] [ERROR] Failed to load resource: net::ERR_CONNECTION_REFUSED @ http://localhost:10001/:0
[ 1361018ms] [ERROR] Failed to load resource: net::ERR_CONNECTION_REFUSED @ http://localhost:10001/:0
[ 1366028ms] [ERROR] Failed to load resource: net::ERR_CONNECTION_REFUSED @ http://localhost:10001/:0
[ 1371032ms] [ERROR] Failed to load resource: net::ERR_CONNECTION_REFUSED @ http://localhost:10001/:0
[ 1376039ms] [ERROR] Failed to load resource: net::ERR_CONNECTION_REFUSED @ http://localhost:10001/:0
[ 1381043ms] [ERROR] Failed to load resource: net::ERR_CONNECTION_REFUSED @ http://localhost:10001/:0
[ 1386045ms] [ERROR] Failed to load resource: net::ERR_CONNECTION_REFUSED @ http://localhost:10001/:0
[ 1391048ms] [ERROR] Failed to load resource: net::ERR_CONNECTION_REFUSED @ http://localhost:10001/:0
[ 1396058ms] [ERROR] Failed to load resource: net::ERR_CONNECTION_REFUSED @ http://localhost:10001/:0
[ 1401058ms] [ERROR] Failed to load resource: net::ERR_CONNECTION_REFUSED @ http://localhost:10001/:0
[ 1406062ms] [ERROR] Failed to load resource: net::ERR_CONNECTION_REFUSED @ http://localhost:10001/:0
[ 1411064ms] [ERROR] Failed to load resource: net::ERR_CONNECTION_REFUSED @ http://localhost:10001/:0
[ 1416073ms] [ERROR] Failed to load resource: net::ERR_CONNECTION_REFUSED @ http://localhost:10001/:0
[ 1421072ms] [ERROR] Failed to load resource: net::ERR_CONNECTION_REFUSED @ http://localhost:10001/:0
[ 1426076ms] [ERROR] Failed to load resource: net::ERR_CONNECTION_REFUSED @ http://localhost:10001/:0
[ 1431091ms] [ERROR] Failed to load resource: net::ERR_CONNECTION_REFUSED @ http://localhost:10001/:0
[ 1436089ms] [ERROR] Failed to load resource: net::ERR_CONNECTION_REFUSED @ http://localhost:10001/:0
[ 1441093ms] [ERROR] Failed to load resource: net::ERR_CONNECTION_REFUSED @ http://localhost:10001/:0
[ 1446096ms] [ERROR] Failed to load resource: net::ERR_CONNECTION_REFUSED @ http://localhost:10001/:0
[ 1451103ms] [ERROR] Failed to load resource: net::ERR_CONNECTION_REFUSED @ http://localhost:10001/:0
[ 1456106ms] [ERROR] Failed to load resource: net::ERR_CONNECTION_REFUSED @ http://localhost:10001/:0
[ 1461110ms] [ERROR] Failed to load resource: net::ERR_CONNECTION_REFUSED @ http://localhost:10001/:0
[ 1466126ms] [ERROR] Failed to load resource: net::ERR_CONNECTION_REFUSED @ http://localhost:10001/:0
[ 1471121ms] [ERROR] Failed to load resource: net::ERR_CONNECTION_REFUSED @ http://localhost:10001/:0
[ 1476127ms] [ERROR] Failed to load resource: net::ERR_CONNECTION_REFUSED @ http://localhost:10001/:0
[ 1481130ms] [ERROR] Failed to load resource: net::ERR_CONNECTION_REFUSED @ http://localhost:10001/:0
[ 1486135ms] [ERROR] Failed to load resource: net::ERR_CONNECTION_REFUSED @ http://localhost:10001/:0
[ 1491139ms] [ERROR] Failed to load resource: net::ERR_CONNECTION_REFUSED @ http://localhost:10001/:0
[ 1496142ms] [ERROR] Failed to load resource: net::ERR_CONNECTION_REFUSED @ http://localhost:10001/:0
[ 1501146ms] [ERROR] Failed to load resource: net::ERR_CONNECTION_REFUSED @ http://localhost:10001/:0
[ 1506150ms] [ERROR] Failed to load resource: net::ERR_CONNECTION_REFUSED @ http://localhost:10001/:0
[ 1511154ms] [ERROR] Failed to load resource: net::ERR_CONNECTION_REFUSED @ http://localhost:10001/:0
[ 1516160ms] [ERROR] Failed to load resource: net::ERR_CONNECTION_REFUSED @ http://localhost:10001/:0
[ 1521162ms] [ERROR] Failed to load resource: net::ERR_CONNECTION_REFUSED @ http://localhost:10001/:0
[ 1526167ms] [ERROR] Failed to load resource: net::ERR_CONNECTION_REFUSED @ http://localhost:10001/:0
[ 1531174ms] [ERROR] Failed to load resource: net::ERR_CONNECTION_REFUSED @ http://localhost:10001/:0
[ 1536177ms] [ERROR] Failed to load resource: net::ERR_CONNECTION_REFUSED @ http://localhost:10001/:0
[ 1541184ms] [ERROR] Failed to load resource: net::ERR_CONNECTION_REFUSED @ http://localhost:10001/:0
[ 1546185ms] [ERROR] Failed to load resource: net::ERR_CONNECTION_REFUSED @ http://localhost:10001/:0
[ 1551195ms] [ERROR] Failed to load resource: net::ERR_CONNECTION_REFUSED @ http://localhost:10001/:0
[ 1556195ms] [ERROR] Failed to load resource: net::ERR_CONNECTION_REFUSED @ http://localhost:10001/:0
[ 1561199ms] [ERROR] Failed to load resource: net::ERR_CONNECTION_REFUSED @ http://localhost:10001/:0
[ 1566208ms] [ERROR] Failed to load resource: net::ERR_CONNECTION_REFUSED @ http://localhost:10001/:0
[ 1571209ms] [ERROR] Failed to load resource: net::ERR_CONNECTION_REFUSED @ http://localhost:10001/:0
[ 1576213ms] [ERROR] Failed to load resource: net::ERR_CONNECTION_REFUSED @ http://localhost:10001/:0
[ 1581220ms] [ERROR] Failed to load resource: net::ERR_CONNECTION_REFUSED @ http://localhost:10001/:0
[ 1586225ms] [ERROR] Failed to load resource: net::ERR_CONNECTION_REFUSED @ http://localhost:10001/:0
[ 1591228ms] [ERROR] Failed to load resource: net::ERR_CONNECTION_REFUSED @ http://localhost:10001/:0
[ 1596232ms] [ERROR] Failed to load resource: net::ERR_CONNECTION_REFUSED @ http://localhost:10001/:0
[ 1601245ms] [ERROR] Failed to load resource: net::ERR_CONNECTION_REFUSED @ http://localhost:10001/:0
[ 1606242ms] [ERROR] Failed to load resource: net::ERR_CONNECTION_REFUSED @ http://localhost:10001/:0
[ 1611247ms] [ERROR] Failed to load resource: net::ERR_CONNECTION_REFUSED @ http://localhost:10001/:0
[ 1616250ms] [ERROR] Failed to load resource: net::ERR_CONNECTION_REFUSED @ http://localhost:10001/:0
[ 1621254ms] [ERROR] Failed to load resource: net::ERR_CONNECTION_REFUSED @ http://localhost:10001/:0
[ 1626257ms] [ERROR] Failed to load resource: net::ERR_CONNECTION_REFUSED @ http://localhost:10001/:0
[ 1631260ms] [ERROR] Failed to load resource: net::ERR_CONNECTION_REFUSED @ http://localhost:10001/:0
[ 1636272ms] [ERROR] Failed to load resource: net::ERR_CONNECTION_REFUSED @ http://localhost:10001/:0
[ 1641273ms] [ERROR] Failed to load resource: net::ERR_CONNECTION_REFUSED @ http://localhost:10001/:0
[ 1646280ms] [ERROR] Failed to load resource: net::ERR_CONNECTION_REFUSED @ http://localhost:10001/:0
[ 1651282ms] [ERROR] Failed to load resource: net::ERR_CONNECTION_REFUSED @ http://localhost:10001/:0
[ 1656288ms] [ERROR] Failed to load resource: net::ERR_CONNECTION_REFUSED @ http://localhost:10001/:0
[ 1661291ms] [ERROR] Failed to load resource: net::ERR_CONNECTION_REFUSED @ http://localhost:10001/:0
[ 1666297ms] [ERROR] Failed to load resource: net::ERR_CONNECTION_REFUSED @ http://localhost:10001/:0
[ 1671299ms] [ERROR] Failed to load resource: net::ERR_CONNECTION_REFUSED @ http://localhost:10001/:0
[ 1676305ms] [ERROR] Failed to load resource: net::ERR_CONNECTION_REFUSED @ http://localhost:10001/:0
[ 1681307ms] [ERROR] Failed to load resource: net::ERR_CONNECTION_REFUSED @ http://localhost:10001/:0
[ 1686313ms] [ERROR] Failed to load resource: net::ERR_CONNECTION_REFUSED @ http://localhost:10001/:0
[ 1691315ms] [ERROR] Failed to load resource: net::ERR_CONNECTION_REFUSED @ http://localhost:10001/:0
[ 1696319ms] [ERROR] Failed to load resource: net::ERR_CONNECTION_REFUSED @ http://localhost:10001/:0
[ 1701323ms] [ERROR] Failed to load resource: net::ERR_CONNECTION_REFUSED @ http://localhost:10001/:0
[ 1706328ms] [ERROR] Failed to load resource: net::ERR_CONNECTION_REFUSED @ http://localhost:10001/:0
[ 1711330ms] [ERROR] Failed to load resource: net::ERR_CONNECTION_REFUSED @ http://localhost:10001/:0
[ 1716333ms] [ERROR] Failed to load resource: net::ERR_CONNECTION_REFUSED @ http://localhost:10001/:0
[ 1721353ms] [ERROR] Failed to load resource: net::ERR_CONNECTION_REFUSED @ http://localhost:10001/:0
[ 1726347ms] [ERROR] Failed to load resource: net::ERR_CONNECTION_REFUSED @ http://localhost:10001/:0
[ 1731352ms] [ERROR] Failed to load resource: net::ERR_CONNECTION_REFUSED @ http://localhost:10001/:0
[ 1736356ms] [ERROR] Failed to load resource: net::ERR_CONNECTION_REFUSED @ http://localhost:10001/:0
[ 1741358ms] [ERROR] Failed to load resource: net::ERR_CONNECTION_REFUSED @ http://localhost:10001/:0
[ 1746365ms] [ERROR] Failed to load resource: net::ERR_CONNECTION_REFUSED @ http://localhost:10001/:0
[ 1751365ms] [ERROR] Failed to load resource: net::ERR_CONNECTION_REFUSED @ http://localhost:10001/:0
[ 1756372ms] [ERROR] Failed to load resource: net::ERR_CONNECTION_REFUSED @ http://localhost:10001/:0
[ 1761410ms] [ERROR] Failed to load resource: net::ERR_CONNECTION_REFUSED @ http://localhost:10001/:0
[ 1766377ms] [ERROR] Failed to load resource: net::ERR_CONNECTION_REFUSED @ http://localhost:10001/:0
[ 1771379ms] [ERROR] Failed to load resource: net::ERR_CONNECTION_REFUSED @ http://localhost:10001/:0
[ 1776383ms] [ERROR] Failed to load resource: net::ERR_CONNECTION_REFUSED @ http://localhost:10001/:0
[ 1781387ms] [ERROR] Failed to load resource: net::ERR_CONNECTION_REFUSED @ http://localhost:10001/:0
[ 1786391ms] [ERROR] Failed to load resource: net::ERR_CONNECTION_REFUSED @ http://localhost:10001/:0
[ 1791396ms] [ERROR] Failed to load resource: net::ERR_CONNECTION_REFUSED @ http://localhost:10001/:0
[ 1796401ms] [ERROR] Failed to load resource: net::ERR_CONNECTION_REFUSED @ http://localhost:10001/:0
[ 1801405ms] [ERROR] Failed to load resource: net::ERR_CONNECTION_REFUSED @ http://localhost:10001/:0
[ 1806411ms] [ERROR] Failed to load resource: net::ERR_CONNECTION_REFUSED @ http://localhost:10001/:0
[ 1811417ms] [ERROR] Failed to load resource: net::ERR_CONNECTION_REFUSED @ http://localhost:10001/:0
[ 1816425ms] [ERROR] Failed to load resource: net::ERR_CONNECTION_REFUSED @ http://localhost:10001/:0
[ 1821427ms] [ERROR] Failed to load resource: net::ERR_CONNECTION_REFUSED @ http://localhost:10001/:0
[ 1826432ms] [ERROR] Failed to load resource: net::ERR_CONNECTION_REFUSED @ http://localhost:10001/:0
[ 1831437ms] [ERROR] Failed to load resource: net::ERR_CONNECTION_REFUSED @ http://localhost:10001/:0
[ 1836442ms] [ERROR] Failed to load resource: net::ERR_CONNECTION_REFUSED @ http://localhost:10001/:0
[ 1841444ms] [ERROR] Failed to load resource: net::ERR_CONNECTION_REFUSED @ http://localhost:10001/:0
[ 1846451ms] [ERROR] Failed to load resource: net::ERR_CONNECTION_REFUSED @ http://localhost:10001/:0
[ 1851451ms] [ERROR] Failed to load resource: net::ERR_CONNECTION_REFUSED @ http://localhost:10001/:0
