[HEAD] http://localhost:10000/ => [FAILED] net::ERR_ABORTED
[HEAD] http://localhost:10000/ => [200] OK
[HEAD] http://localhost:10000/ => [FAILED] net::ERR_ABORTED
[GET] https://ybcjkdcdruquqrdahtga.supabase.co/auth/v1/user => [200] 
[HEAD] http://localhost:10000/ => [200] OK
[GET] https://ybcjkdcdruquqrdahtga.supabase.co/rest/v1/student_profiles?select=planner_id&id=eq.ea03a8c4-1390-47df-83e2-79ac1712c6a3 => [200] 
[GET] https://ybcjkdcdruquqrdahtga.supabase.co/rest/v1/student_profiles?select=planner_id&id=eq.ea03a8c4-1390-47df-83e2-79ac1712c6a3 => [200] 
[GET] https://ybcjkdcdruquqrdahtga.supabase.co/rest/v1/student_profiles?select=planner_id&id=eq.ea03a8c4-1390-47df-83e2-79ac1712c6a3 => [200] 
[GET] https://ybcjkdcdruquqrdahtga.supabase.co/auth/v1/user => [200] 
[GET] https://ybcjkdcdruquqrdahtga.supabase.co/auth/v1/user => [200] 
[GET] https://ybcjkdcdruquqrdahtga.supabase.co/rest/v1/homework_assignments?select=*%2Chomework%28id%2Ctitle%2Cdescription%2Cinstructions%2Cdue_date%2Ccreated_at%2Cresources%29&student_id=eq.ea03a8c4-1390-47df-83e2-79ac1712c6a3&order=assigned_at.desc => [200] 
[GET] https://ybcjkdcdruquqrdahtga.supabase.co/rest/v1/homework_assignments?select=*%2Chomework%28id%2Ctitle%2Cdescription%2Cinstructions%2Cdue_date%2Ccreated_at%2Cresources%29&student_id=eq.ea03a8c4-1390-47df-83e2-79ac1712c6a3&order=assigned_at.desc => [200] 
[GET] https://ybcjkdcdruquqrdahtga.supabase.co/auth/v1/user => [200] 
[GET] https://ybcjkdcdruquqrdahtga.supabase.co/rest/v1/notifications?select=*&user_id=eq.ea03a8c4-1390-47df-83e2-79ac1712c6a3&order=created_at.desc&limit=10 => [200] 
[GET] https://ybcjkdcdruquqrdahtga.supabase.co/auth/v1/user => [200] 
[GET] https://ybcjkdcdruquqrdahtga.supabase.co/rest/v1/notifications?select=*&user_id=eq.ea03a8c4-1390-47df-83e2-79ac1712c6a3&order=created_at.desc&limit=10 => [200] 
[HEAD] http://localhost:10000/ => [200] OK
[HEAD] http://localhost:10000/ => [200] OK
[HEAD] http://localhost:10000/ => [200] OK
[HEAD] http://localhost:10000/ => [200] OK
[GET] https://ybcjkdcdruquqrdahtga.supabase.co/auth/v1/user => [200] 
[GET] https://ybcjkdcdruquqrdahtga.supabase.co/rest/v1/students?select=id%2Cteacher_id&user_id=eq.ea03a8c4-1390-47df-83e2-79ac1712c6a3 => [200] 