[HEAD] http://localhost:10000/ => [FAILED] net::ERR_ABORTED
[HEAD] http://localhost:10000/ => [200] OK
[HEAD] http://localhost:10000/ => [FAILED] net::ERR_ABORTED
[HEAD] http://localhost:10000/ => [200] OK
[GET] https://ybcjkdcdruquqrdahtga.supabase.co/auth/v1/user => [200] 
[GET] https://ybcjkdcdruquqrdahtga.supabase.co/rest/v1/student_profiles?select=id%2Cplanner_id&id=eq.ea03a8c4-1390-47df-83e2-79ac1712c6a3 => [200] 
[GET] https://ybcjkdcdruquqrdahtga.supabase.co/rest/v1/student_profiles?select=id%2Cplanner_id&id=eq.ea03a8c4-1390-47df-83e2-79ac1712c6a3 => [200] 
[GET] https://ybcjkdcdruquqrdahtga.supabase.co/rest/v1/student_profiles?select=id%2Cplanner_id&id=eq.ea03a8c4-1390-47df-83e2-79ac1712c6a3 => [200] 
[GET] https://ybcjkdcdruquqrdahtga.supabase.co/auth/v1/user => [200] 
[GET] https://ybcjkdcdruquqrdahtga.supabase.co/auth/v1/user => [200] 
[GET] https://ybcjkdcdruquqrdahtga.supabase.co/auth/v1/user => [200] 
[GET] https://ybcjkdcdruquqrdahtga.supabase.co/rest/v1/homework_assignments?select=*%2Chomework%28id%2Ctitle%2Cdescription%2Cinstructions%2Cdue_date%2Ccreated_at%2Cresources%29&student_id=eq.ea03a8c4-1390-47df-83e2-79ac1712c6a3&order=assigned_at.desc => [200] 
[GET] https://ybcjkdcdruquqrdahtga.supabase.co/rest/v1/conversations?select=id&student_id=eq.ea03a8c4-1390-47df-83e2-79ac1712c6a3 => [200] 
[GET] https://ybcjkdcdruquqrdahtga.supabase.co/rest/v1/homework_assignments?select=*%2Chomework%28id%2Ctitle%2Cdescription%2Cinstructions%2Cdue_date%2Ccreated_at%2Cresources%29&student_id=eq.ea03a8c4-1390-47df-83e2-79ac1712c6a3&order=assigned_at.desc => [200] 
[GET] https://ybcjkdcdruquqrdahtga.supabase.co/auth/v1/user => [200] 
[HEAD] https://ybcjkdcdruquqrdahtga.supabase.co/rest/v1/messages?select=id&conversation_id=eq.d0626060-69cf-4376-a3ac-b13991aad5e9&sender_id=neq.ea03a8c4-1390-47df-83e2-79ac1712c6a3&read_at=is.null => [200] 
[GET] https://ybcjkdcdruquqrdahtga.supabase.co/rest/v1/notifications?select=*&user_id=eq.ea03a8c4-1390-47df-83e2-79ac1712c6a3&order=created_at.desc&limit=10 => [200] 
[GET] https://ybcjkdcdruquqrdahtga.supabase.co/auth/v1/user => [200] 
[GET] https://ybcjkdcdruquqrdahtga.supabase.co/rest/v1/notifications?select=*&user_id=eq.ea03a8c4-1390-47df-83e2-79ac1712c6a3&order=created_at.desc&limit=10 => [200] 
[HEAD] https://ybcjkdcdruquqrdahtga.supabase.co/rest/v1/messages?select=id&conversation_id=eq.d0626060-69cf-4376-a3ac-b13991aad5e9&sender_id=neq.ea03a8c4-1390-47df-83e2-79ac1712c6a3&read_at=is.null => [200] 
[GET] https://ybcjkdcdruquqrdahtga.supabase.co/auth/v1/user => [200] 
[GET] https://ybcjkdcdruquqrdahtga.supabase.co/rest/v1/conversations?select=id&student_id=eq.ea03a8c4-1390-47df-83e2-79ac1712c6a3 => [200] 
[HEAD] https://ybcjkdcdruquqrdahtga.supabase.co/rest/v1/messages?select=id&conversation_id=eq.d0626060-69cf-4376-a3ac-b13991aad5e9&sender_id=neq.ea03a8c4-1390-47df-83e2-79ac1712c6a3&read_at=is.null => [200] 
[HEAD] https://ybcjkdcdruquqrdahtga.supabase.co/rest/v1/messages?select=id&conversation_id=eq.d0626060-69cf-4376-a3ac-b13991aad5e9&sender_id=neq.ea03a8c4-1390-47df-83e2-79ac1712c6a3&read_at=is.null => [200] 
[GET] https://ybcjkdcdruquqrdahtga.supabase.co/auth/v1/user => [200] 
[GET] https://ybcjkdcdruquqrdahtga.supabase.co/rest/v1/student_profiles?select=id%2Cplanner_id&id=eq.ea03a8c4-1390-47df-83e2-79ac1712c6a3 => [200] 
[GET] https://ybcjkdcdruquqrdahtga.supabase.co/rest/v1/planner_profiles?select=id&id=eq.bd8a51c1-20aa-45fb-bee0-7f5453ea1b18 => [200] 
[GET] https://ybcjkdcdruquqrdahtga.supabase.co/rest/v1/profiles?select=id%2Cfull_name&id=eq.bd8a51c1-20aa-45fb-bee0-7f5453ea1b18 => [200] 
[GET] https://ybcjkdcdruquqrdahtga.supabase.co/rest/v1/conversations?select=id&teacher_id=eq.bd8a51c1-20aa-45fb-bee0-7f5453ea1b18&student_id=eq.ea03a8c4-1390-47df-83e2-79ac1712c6a3 => [200] 
[GET] https://ybcjkdcdruquqrdahtga.supabase.co/rest/v1/messages?select=id%2Csender_id%2Ccontent%2Cmessage_type%2Ccreated_at%2Cread_at&conversation_id=eq.d0626060-69cf-4376-a3ac-b13991aad5e9&order=created_at.asc => [200] 
[GET] https://ybcjkdcdruquqrdahtga.supabase.co/auth/v1/user => [200] 
[GET] https://ybcjkdcdruquqrdahtga.supabase.co/rest/v1/student_profiles?select=id%2Cplanner_id&id=eq.ea03a8c4-1390-47df-83e2-79ac1712c6a3 => [200] 
[GET] https://ybcjkdcdruquqrdahtga.supabase.co/rest/v1/planner_profiles?select=id&id=eq.bd8a51c1-20aa-45fb-bee0-7f5453ea1b18 => [200] 
[PATCH] https://ybcjkdcdruquqrdahtga.supabase.co/rest/v1/messages?conversation_id=eq.d0626060-69cf-4376-a3ac-b13991aad5e9&sender_id=neq.ea03a8c4-1390-47df-83e2-79ac1712c6a3&read_at=is.null => [204] 
[GET] https://ybcjkdcdruquqrdahtga.supabase.co/rest/v1/profiles?select=id%2Cfull_name&id=eq.bd8a51c1-20aa-45fb-bee0-7f5453ea1b18 => [200] 
[GET] https://ybcjkdcdruquqrdahtga.supabase.co/auth/v1/user => [200] 
[GET] https://ybcjkdcdruquqrdahtga.supabase.co/rest/v1/conversations?select=id&teacher_id=eq.bd8a51c1-20aa-45fb-bee0-7f5453ea1b18&student_id=eq.ea03a8c4-1390-47df-83e2-79ac1712c6a3 => [200] 
[GET] https://ybcjkdcdruquqrdahtga.supabase.co/rest/v1/student_profiles?select=id%2Cplanner_id&id=eq.ea03a8c4-1390-47df-83e2-79ac1712c6a3 => [200] 
[GET] https://ybcjkdcdruquqrdahtga.supabase.co/rest/v1/planner_profiles?select=id&id=eq.bd8a51c1-20aa-45fb-bee0-7f5453ea1b18 => [200] 
[GET] https://ybcjkdcdruquqrdahtga.supabase.co/rest/v1/messages?select=id%2Csender_id%2Ccontent%2Cmessage_type%2Ccreated_at%2Cread_at&conversation_id=eq.d0626060-69cf-4376-a3ac-b13991aad5e9&order=created_at.asc => [200] 
[GET] https://ybcjkdcdruquqrdahtga.supabase.co/rest/v1/profiles?select=id%2Cfull_name&id=eq.bd8a51c1-20aa-45fb-bee0-7f5453ea1b18 => [200] 
[PATCH] https://ybcjkdcdruquqrdahtga.supabase.co/rest/v1/messages?conversation_id=eq.d0626060-69cf-4376-a3ac-b13991aad5e9&sender_id=neq.ea03a8c4-1390-47df-83e2-79ac1712c6a3&read_at=is.null => [204] 
[GET] https://ybcjkdcdruquqrdahtga.supabase.co/rest/v1/conversations?select=id&teacher_id=eq.bd8a51c1-20aa-45fb-bee0-7f5453ea1b18&student_id=eq.ea03a8c4-1390-47df-83e2-79ac1712c6a3 => [200] 
[GET] https://ybcjkdcdruquqrdahtga.supabase.co/rest/v1/messages?select=id%2Csender_id%2Ccontent%2Cmessage_type%2Ccreated_at%2Cread_at&conversation_id=eq.d0626060-69cf-4376-a3ac-b13991aad5e9&order=created_at.asc => [200] 
[PATCH] https://ybcjkdcdruquqrdahtga.supabase.co/rest/v1/messages?conversation_id=eq.d0626060-69cf-4376-a3ac-b13991aad5e9&sender_id=neq.ea03a8c4-1390-47df-83e2-79ac1712c6a3&read_at=is.null => [204] 